<?xml version="1.0" encoding="UTF-8"?>
<!-- Generated by org.testng.reporters.JUnitXMLReporter -->
<testsuite hostname="ADITHYA01-PC" name="Test1" tests="12" failures="1" timestamp="28 Jul 2016 13:21:44 GMT" time="11.995" errors="0">
  <testcase name="fifth" time="0.005" classname="com.testng.ex.FScript"/>
  <testcase name="third" time="0.009" classname="com.testng.ex.FScript"/>
  <testcase name="first" time="0.001" classname="com.testng.ex.FScript"/>
  <testcase name="fourth" time="1.002" classname="com.testng.ex.FScript"/>
  <testcase name="birthday" time="0.256" classname="com.testng.ex.GoogleForm"/>
  <testcase name="gender" time="0.062" classname="com.testng.ex.GoogleForm"/>
  <testcase name="names" time="0.26" classname="com.testng.ex.GoogleForm">
    <failure type="java.lang.AssertionError" message="expected [Das] but found []">
      <![CDATA[java.lang.AssertionError: expected [Das] but found []
	at com.testng.ex.GoogleForm.names(GoogleForm.java:35)
... Removed 31 stack frames]]>
    </failure>
  </testcase> <!-- names -->
  <testcase name="passwd" time="0.404" classname="com.testng.ex.GoogleForm"/>
  <testcase name="phoneNumber" time="0.133" classname="com.testng.ex.GoogleForm"/>
  <testcase name="setCountry" time="0.169" classname="com.testng.ex.GoogleForm"/>
  <testcase name="userName" time="0.152" classname="com.testng.ex.GoogleForm"/>
  <testcase name="setandGO" time="1.118" classname="com.testng.ex.GoogleForm"/>
</testsuite> <!-- Test1 -->
